d:\cache\visualstudiocache\openglshader\openglshader\debug\vc140.pdb
d:\cache\visualstudiocache\openglshader\openglshader\debug\vc140.idb
d:\cache\visualstudiocache\openglshader\openglshader\debug\c3dmodel.obj
d:\cache\visualstudiocache\openglshader\openglshader\debug\cpolygontesslation.obj
d:\cache\visualstudiocache\openglshader\openglshader\debug\drawable.obj
d:\cache\visualstudiocache\openglshader\openglshader\debug\framebuffer.obj
d:\cache\visualstudiocache\openglshader\openglshader\debug\lightmodeltest.obj
d:\cache\visualstudiocache\openglshader\openglshader\debug\particlecube.obj
d:\cache\visualstudiocache\openglshader\openglshader\debug\particleemit.obj
d:\cache\visualstudiocache\openglshader\openglshader\debug\particlegs.obj
d:\cache\visualstudiocache\openglshader\openglshader\debug\particletfo.obj
d:\cache\visualstudiocache\openglshader\openglshader\debug\pointsprite.obj
d:\cache\visualstudiocache\openglshader\openglshader\debug\shader.obj
d:\cache\visualstudiocache\openglshader\openglshader\debug\texure.obj
d:\cache\visualstudiocache\openglshader\openglshader\debug\triangles.obj
d:\cache\visualstudiocache\openglshader\openglshader\debug\frustum.obj
d:\cache\visualstudiocache\openglshader\openglshader\debug\polygon.obj
d:\cache\visualstudiocache\openglshader\openglshader\debug\main.obj
d:\cache\visualstudiocache\openglshader\openglshader\debug\objmodel.obj
d:\cache\visualstudiocache\openglshader\openglshader\debug\timer.obj
d:\cache\visualstudiocache\openglshader\openglshader\debug\utils.obj
d:\cache\visualstudiocache\openglshader\debug\openglshader.ilk
d:\cache\visualstudiocache\openglshader\debug\openglshader.exe
d:\cache\visualstudiocache\openglshader\debug\openglshader.pdb
d:\cache\visualstudiocache\openglshader\openglshader\debug\openglshader.tlog\cl.command.1.tlog
d:\cache\visualstudiocache\openglshader\openglshader\debug\openglshader.tlog\cl.read.1.tlog
d:\cache\visualstudiocache\openglshader\openglshader\debug\openglshader.tlog\cl.write.1.tlog
d:\cache\visualstudiocache\openglshader\openglshader\debug\openglshader.tlog\link.command.1.tlog
d:\cache\visualstudiocache\openglshader\openglshader\debug\openglshader.tlog\link.read.1.tlog
d:\cache\visualstudiocache\openglshader\openglshader\debug\openglshader.tlog\link.write.1.tlog
