d:\cache\visualstudiocache\openglshader\openglshader\x64\debug\vc140.pdb
d:\cache\visualstudiocache\openglshader\openglshader\x64\debug\vc140.idb
d:\cache\visualstudiocache\openglshader\openglshader\x64\debug\utils.obj
d:\cache\visualstudiocache\openglshader\openglshader\x64\debug\cpolygontesslation.obj
d:\cache\visualstudiocache\openglshader\openglshader\x64\debug\drawable.obj
d:\cache\visualstudiocache\openglshader\openglshader\x64\debug\framebuffer.obj
d:\cache\visualstudiocache\openglshader\openglshader\x64\debug\ground.obj
d:\cache\visualstudiocache\openglshader\openglshader\x64\debug\lightmodeltest.obj
d:\cache\visualstudiocache\openglshader\openglshader\x64\debug\fbxmodel.obj
d:\cache\visualstudiocache\openglshader\openglshader\x64\debug\objmodel.obj
d:\cache\visualstudiocache\openglshader\openglshader\x64\debug\particlecube.obj
d:\cache\visualstudiocache\openglshader\openglshader\x64\debug\particleemit.obj
d:\cache\visualstudiocache\openglshader\openglshader\x64\debug\particlegs.obj
d:\cache\visualstudiocache\openglshader\openglshader\x64\debug\pointsprite.obj
d:\cache\visualstudiocache\openglshader\openglshader\x64\debug\skybox.obj
d:\cache\visualstudiocache\openglshader\openglshader\x64\debug\sphere.obj
d:\cache\visualstudiocache\openglshader\openglshader\x64\debug\texturetest.obj
d:\cache\visualstudiocache\openglshader\openglshader\x64\debug\triangles.obj
d:\cache\visualstudiocache\openglshader\openglshader\x64\debug\frustum.obj
d:\cache\visualstudiocache\openglshader\openglshader\x64\debug\polygon.obj
d:\cache\visualstudiocache\openglshader\openglshader\x64\debug\main.obj
d:\cache\visualstudiocache\openglshader\openglshader\x64\debug\waterwave.obj
d:\cache\visualstudiocache\openglshader\openglshader\x64\debug\c3dmodel.obj
d:\cache\visualstudiocache\openglshader\openglshader\x64\debug\shader.obj
d:\cache\visualstudiocache\openglshader\openglshader\x64\debug\texure.obj
d:\cache\visualstudiocache\openglshader\openglshader\x64\debug\timer.obj
d:\cache\visualstudiocache\openglshader\x64\debug\openglshader.pdb
d:\cache\visualstudiocache\openglshader\openglshader\x64\debug\openglshader.tlog\cl.command.1.tlog
d:\cache\visualstudiocache\openglshader\openglshader\x64\debug\openglshader.tlog\cl.read.1.tlog
d:\cache\visualstudiocache\openglshader\openglshader\x64\debug\openglshader.tlog\cl.write.1.tlog
d:\cache\visualstudiocache\openglshader\openglshader\x64\debug\openglshader.tlog\link-cvtres.read.1.tlog
d:\cache\visualstudiocache\openglshader\openglshader\x64\debug\openglshader.tlog\link-cvtres.write.1.tlog
d:\cache\visualstudiocache\openglshader\openglshader\x64\debug\openglshader.tlog\link-rc.read.1.tlog
d:\cache\visualstudiocache\openglshader\openglshader\x64\debug\openglshader.tlog\link-rc.write.1.tlog
d:\cache\visualstudiocache\openglshader\openglshader\x64\debug\openglshader.tlog\link.command.1.tlog
d:\cache\visualstudiocache\openglshader\openglshader\x64\debug\openglshader.tlog\link.read.1.tlog
d:\cache\visualstudiocache\openglshader\openglshader\x64\debug\openglshader.tlog\link.write.1.tlog
