SOIL.lib(SOIL.obj) : error LNK2001: 无法解析的外部符号 __imp_glBindTexture
Texure.obj : error LNK2001: 无法解析的外部符号 __imp_glBindTexture
utils.obj : error LNK2001: 无法解析的外部符号 __imp_glBindTexture
FrameBuffer.obj : error LNK2001: 无法解析的外部符号 __imp_glBindTexture
ParticleCube.obj : error LNK2001: 无法解析的外部符号 __imp_glBindTexture
Texure.obj : error LNK2019: 无法解析的外部符号 __imp_glDeleteTextures，该符号在函数 "private: __cdecl CTexture::~CTexture(void)" (??1CTexture@@AEAA@XZ) 中被引用
ParticleCube.obj : error LNK2001: 无法解析的外部符号 __imp_glDeleteTextures
SOIL.lib(SOIL.obj) : error LNK2001: 无法解析的外部符号 __imp_glDeleteTextures
Texure.obj : error LNK2019: 无法解析的外部符号 __imp_glGenTextures，该符号在函数 "private: unsigned int __cdecl CTexture::InitTextureByData(unsigned char const *,unsigned __int64,unsigned __int64,unsigned int)" (?InitTextureByData@CTexture@@AEAAIPEBE_K1I@Z) 中被引用
utils.obj : error LNK2001: 无法解析的外部符号 __imp_glGenTextures
FrameBuffer.obj : error LNK2001: 无法解析的外部符号 __imp_glGenTextures
SOIL.lib(SOIL.obj) : error LNK2001: 无法解析的外部符号 __imp_glGenTextures
Texure.obj : error LNK2019: 无法解析的外部符号 __imp_glIsTexture，该符号在函数 "private: __cdecl CTexture::~CTexture(void)" (??1CTexture@@AEAA@XZ) 中被引用
ParticleCube.obj : error LNK2001: 无法解析的外部符号 __imp_glIsTexture
Texure.obj : error LNK2019: 无法解析的外部符号 __imp_glTexImage2D，该符号在函数 "private: unsigned int __cdecl CTexture::InitTextureByData(unsigned char const *,unsigned __int64,unsigned __int64,unsigned int)" (?InitTextureByData@CTexture@@AEAAIPEBE_K1I@Z) 中被引用
utils.obj : error LNK2001: 无法解析的外部符号 __imp_glTexImage2D
FrameBuffer.obj : error LNK2001: 无法解析的外部符号 __imp_glTexImage2D
SOIL.lib(SOIL.obj) : error LNK2001: 无法解析的外部符号 __imp_glTexImage2D
Texure.obj : error LNK2019: 无法解析的外部符号 __imp_glTexParameteri，该符号在函数 "private: unsigned int __cdecl CTexture::InitTextureByData(unsigned char const *,unsigned __int64,unsigned __int64,unsigned int)" (?InitTextureByData@CTexture@@AEAAIPEBE_K1I@Z) 中被引用
utils.obj : error LNK2001: 无法解析的外部符号 __imp_glTexParameteri
FrameBuffer.obj : error LNK2001: 无法解析的外部符号 __imp_glTexParameteri
SOIL.lib(SOIL.obj) : error LNK2001: 无法解析的外部符号 __imp_glTexParameteri
utils.obj : error LNK2019: 无法解析的外部符号 __imp_glGetError，该符号在函数 "void __cdecl utils::CheckError(char const *,char const *,int)" (?CheckError@utils@@YAXPEBD0H@Z) 中被引用
Triangles.obj : error LNK2001: 无法解析的外部符号 __imp_glGetError
utils.obj : error LNK2019: 无法解析的外部符号 __imp_glReadPixels，该符号在函数 "unsigned int __cdecl utils::CaptureScreen(int,int,class std::function<void __cdecl(void)>)" (?CaptureScreen@utils@@YAIHHV?$function@$$A6AXXZ@std@@@Z) 中被引用
SOIL.lib(SOIL.obj) : error LNK2001: 无法解析的外部符号 __imp_glReadPixels
utils.obj : error LNK2019: 无法解析的外部符号 __imp_glTexParameterf，该符号在函数 "bool __cdecl utils::CreateComputeTexture(char const *,char const *,unsigned int &,unsigned int &)" (?CreateComputeTexture@utils@@YA_NPEBD0AEAI1@Z) 中被引用
FrameBuffer.obj : error LNK2001: 无法解析的外部符号 __imp_glTexParameterf
utils.obj : error LNK2019: 无法解析的外部符号 __imp_glTexSubImage2D，该符号在函数 "bool __cdecl utils::CreateComputeTexture(char const *,char const *,unsigned int &,unsigned int &)" (?CreateComputeTexture@utils@@YA_NPEBD0AEAI1@Z) 中被引用
PointSprite.obj : error LNK2001: 无法解析的外部符号 __imp_glDisable
Sphere.obj : error LNK2001: 无法解析的外部符号 __imp_glDisable
CPolygonTesslation.obj : error LNK2001: 无法解析的外部符号 __imp_glDisable
ParticleCube.obj : error LNK2001: 无法解析的外部符号 __imp_glDisable
ParticleEmit.obj : error LNK2001: 无法解析的外部符号 __imp_glDisable
ParticleGS.obj : error LNK2001: 无法解析的外部符号 __imp_glDisable
ParticleGS.obj : error LNK2001: 无法解析的外部符号 __imp_glDrawArrays
PointSprite.obj : error LNK2001: 无法解析的外部符号 __imp_glDrawArrays
TextureTest.obj : error LNK2001: 无法解析的外部符号 __imp_glDrawArrays
Polygon.obj : error LNK2001: 无法解析的外部符号 __imp_glDrawArrays
CPolygonTesslation.obj : error LNK2001: 无法解析的外部符号 __imp_glDrawArrays
Ground.obj : error LNK2001: 无法解析的外部符号 __imp_glDrawArrays
ParticleCube.obj : error LNK2001: 无法解析的外部符号 __imp_glDrawArrays
ParticleEmit.obj : error LNK2001: 无法解析的外部符号 __imp_glDrawArrays
Frustum.obj : error LNK2001: 无法解析的外部符号 __imp_glDrawElements
WaterWave.obj : error LNK2001: 无法解析的外部符号 __imp_glDrawElements
LightModelTest.obj : error LNK2001: 无法解析的外部符号 __imp_glDrawElements
ObjModel.obj : error LNK2001: 无法解析的外部符号 __imp_glDrawElements
Sphere.obj : error LNK2001: 无法解析的外部符号 __imp_glDrawElements
Triangles.obj : error LNK2001: 无法解析的外部符号 __imp_glDrawElements
LightModelTest.obj : error LNK2019: 无法解析的外部符号 __imp_glLightModeli，该符号在函数 "public: virtual void __cdecl CLightTest::Draw(void)" (?Draw@CLightTest@@UEAAXXZ) 中被引用
FBXModel.obj : error LNK2019: 无法解析的外部符号 __imp_glBegin，该符号在函数 "public: void __cdecl CFbxModel::Draw(void)" (?Draw@CFbxModel@@QEAAXXZ) 中被引用
FBXModel.obj : error LNK2019: 无法解析的外部符号 __imp_glColor4ub，该符号在函数 "public: void __cdecl CFbxModel::Draw(void)" (?Draw@CFbxModel@@QEAAXXZ) 中被引用
FBXModel.obj : error LNK2019: 无法解析的外部符号 __imp_glEnd，该符号在函数 "public: void __cdecl CFbxModel::Draw(void)" (?Draw@CFbxModel@@QEAAXXZ) 中被引用
FBXModel.obj : error LNK2019: 无法解析的外部符号 __imp_glPopMatrix，该符号在函数 "public: void __cdecl CFbxModel::Draw(void)" (?Draw@CFbxModel@@QEAAXXZ) 中被引用
FBXModel.obj : error LNK2019: 无法解析的外部符号 __imp_glPushMatrix，该符号在函数 "public: void __cdecl CFbxModel::Draw(void)" (?Draw@CFbxModel@@QEAAXXZ) 中被引用
FBXModel.obj : error LNK2019: 无法解析的外部符号 __imp_glScalef，该符号在函数 "public: void __cdecl CFbxModel::Draw(void)" (?Draw@CFbxModel@@QEAAXXZ) 中被引用
FBXModel.obj : error LNK2019: 无法解析的外部符号 __imp_glVertex3fv，该符号在函数 "public: void __cdecl CFbxModel::Draw(void)" (?Draw@CFbxModel@@QEAAXXZ) 中被引用
main.obj : error LNK2001: 无法解析的外部符号 __imp_glBlendFunc
ParticleCube.obj : error LNK2001: 无法解析的外部符号 __imp_glBlendFunc
ParticleEmit.obj : error LNK2001: 无法解析的外部符号 __imp_glBlendFunc
ParticleGS.obj : error LNK2001: 无法解析的外部符号 __imp_glBlendFunc
PointSprite.obj : error LNK2001: 无法解析的外部符号 __imp_glBlendFunc
Sphere.obj : error LNK2001: 无法解析的外部符号 __imp_glEnable
main.obj : error LNK2001: 无法解析的外部符号 __imp_glEnable
ParticleCube.obj : error LNK2001: 无法解析的外部符号 __imp_glEnable
ParticleEmit.obj : error LNK2001: 无法解析的外部符号 __imp_glEnable
ParticleGS.obj : error LNK2001: 无法解析的外部符号 __imp_glEnable
PointSprite.obj : error LNK2001: 无法解析的外部符号 __imp_glEnable
main.obj : error LNK2019: 无法解析的外部符号 __imp_wglCreateContext，该符号在函数 WinMain 中被引用
main.obj : error LNK2019: 无法解析的外部符号 __imp_wglMakeCurrent，该符号在函数 WinMain 中被引用
main.obj : error LNK2019: 无法解析的外部符号 __imp_glClear，该符号在函数 WinMain 中被引用
main.obj : error LNK2019: 无法解析的外部符号 __imp_glClearColor，该符号在函数 WinMain 中被引用
main.obj : error LNK2019: 无法解析的外部符号 __imp_glClearDepth，该符号在函数 WinMain 中被引用
main.obj : error LNK2019: 无法解析的外部符号 __imp_glFlush，该符号在函数 WinMain 中被引用
main.obj : error LNK2019: 无法解析的外部符号 __imp_glGetString，该符号在函数 WinMain 中被引用
SOIL.lib(SOIL.obj) : error LNK2001: 无法解析的外部符号 __imp_glGetString
main.obj : error LNK2019: 无法解析的外部符号 __imp_glShadeModel，该符号在函数 WinMain 中被引用
main.obj : error LNK2019: 无法解析的外部符号 __imp_glViewport，该符号在函数 WinMain 中被引用
SOIL.lib(SOIL.obj) : error LNK2019: 无法解析的外部符号 __imp_wglGetProcAddress，该符号在函数 query_DXT_capability 中被引用
SOIL.lib(SOIL.obj) : error LNK2019: 无法解析的外部符号 __imp_glGetIntegerv，该符号在函数 SOIL_internal_create_OGL_texture 中被引用
D:\SoftwareInstall\OpenGL\lib\opengl32.lib : warning LNK4272: 库计算机类型“X86”与目标计算机类型“x64”冲突
D:\SoftwareInstall\OpenGL\lib\opengl.lib : warning LNK4272: 库计算机类型“X86”与目标计算机类型“x64”冲突
D:\Cache\VisualStudioCache\OpenGLShader\x64\Debug\OpenGLShader.exe : fatal error LNK1120: 34 个无法解析的外部命令
